Release 13.4 - xst O.87xd (nt)
Copyright (c) 1995-2011 Xilinx, Inc.  All rights reserved.
--> Parameter TMPDIR set to xst/projnav.tmp


Total REAL time to Xst completion: 3.00 secs
Total CPU time to Xst completion: 2.58 secs
 
--> Parameter xsthdpdir set to xst


Total REAL time to Xst completion: 3.00 secs
Total CPU time to Xst completion: 2.59 secs
 
--> Reading design: cpu55.prj

TABLE OF CONTENTS
  1) Synthesis Options Summary
  2) HDL Parsing
  3) HDL Elaboration
  4) HDL Synthesis
       4.1) HDL Synthesis Report
  5) Advanced HDL Synthesis
       5.1) Advanced HDL Synthesis Report
  6) Low Level Synthesis
  7) Partition Report
  8) Design Summary
       8.1) Primitive and Black Box Usage
       8.2) Device utilization summary
       8.3) Partition Resource Summary
       8.4) Timing Report
            8.4.1) Clock Information
            8.4.2) Asynchronous Control Signals Information
            8.4.3) Timing Summary
            8.4.4) Timing Details
            8.4.5) Cross Clock Domains Report


=========================================================================
*                      Synthesis Options Summary                        *
=========================================================================
---- Source Parameters
Input File Name                    : "cpu55.prj"
Ignore Synthesis Constraint File   : NO

---- Target Parameters
Output File Name                   : "cpu55"
Output Format                      : NGC
Target Device                      : xc6slx4-3-tqg144

---- Source Options
Top Module Name                    : cpu55
Automatic FSM Extraction           : YES
FSM Encoding Algorithm             : Auto
Safe Implementation                : No
FSM Style                          : LUT
RAM Extraction                     : Yes
RAM Style                          : Auto
ROM Extraction                     : Yes
Shift Register Extraction          : YES
ROM Style                          : Auto
Resource Sharing                   : YES
Asynchronous To Synchronous        : NO
Shift Register Minimum Size        : 2
Use DSP Block                      : Auto
Automatic Register Balancing       : No

---- Target Options
LUT Combining                      : Auto
Reduce Control Sets                : Auto
Add IO Buffers                     : YES
Global Maximum Fanout              : 100000
Add Generic Clock Buffer(BUFG)     : 16
Register Duplication               : YES
Optimize Instantiated Primitives   : NO
Use Clock Enable                   : Auto
Use Synchronous Set                : Auto
Use Synchronous Reset              : Auto
Pack IO Registers into IOBs        : Auto
Equivalent register Removal        : YES

---- General Options
Optimization Goal                  : Speed
Optimization Effort                : 1
Power Reduction                    : NO
Keep Hierarchy                     : No
Netlist Hierarchy                  : As_Optimized
RTL Output                         : Yes
Global Optimization                : AllClockNets
Read Cores                         : YES
Write Timing Constraints           : NO
Cross Clock Analysis               : NO
Hierarchy Separator                : /
Bus Delimiter                      : <>
Case Specifier                     : Maintain
Slice Utilization Ratio            : 100
BRAM Utilization Ratio             : 100
DSP48 Utilization Ratio            : 100
Auto BRAM Packing                  : NO
Slice Utilization Ratio Delta      : 5

=========================================================================

INFO:Xst - Part-select index evaluated to out of bound value may lead to incorrect synthesis results; it is recommended not to use them in RTL

=========================================================================
*                          HDL Parsing                                  *
=========================================================================
Analyzing Verilog file "D:\cpu55\g_p.v" into library work
Parsing module <g_p>.
Analyzing Verilog file "D:\cpu55\add.v" into library work
Parsing module <add>.
Analyzing Verilog file "D:\cpu55\cla_2.v" into library work
Parsing module <cla_2>.
Analyzing Verilog file "D:\cpu55\cla_4.v" into library work
Parsing module <cla_4>.
Analyzing Verilog file "D:\cpu55\cla_8.v" into library work
Parsing module <cla_8>.
Analyzing Verilog file "D:\cpu55\cla_16.v" into library work
Parsing module <cla_16>.
Analyzing Verilog file "D:\cpu55\cla_32.v" into library work
Parsing module <cla_32>.
Analyzing Verilog file "D:\cpu55\top_cla_32.v" into library work
Parsing module <top_cla_32>.
Analyzing Verilog file "D:\cpu55\add1.v" into library work
Parsing module <add1>.
Analyzing Verilog file "D:\cpu55\file_write.v" into library work
Parsing module <file_write>.
Analyzing Verilog file "D:\cpu55\barrelshifter32.v" into library work
Parsing module <barrelshifter32>.
Analyzing Verilog file "D:\cpu55\addsub32.v" into library work
Parsing module <addsub32>.
Analyzing Verilog file "D:\cpu55\slt.v" into library work
Parsing module <slt>.
Analyzing Verilog file "D:\cpu55\reg.v" into library work
Parsing module <myreg>.
Analyzing Verilog file "D:\cpu55\mux4x32.v" into library work
Parsing module <mux4x32>.
Analyzing Verilog file "D:\cpu55\mux32x32.v" into library work
Parsing module <mux32x32>.
Analyzing Verilog file "D:\cpu55\mux2x32.v" into library work
Parsing module <mux2x32>.
Analyzing Verilog file "D:\cpu55\file_write_regfiles.v" into library work
Parsing module <file_write_regfiles>.
Analyzing Verilog file "D:\cpu55\decoder.v" into library work
Parsing module <decoder>.
Analyzing Verilog file "D:\cpu55\bshifter32_carry.v" into library work
Parsing module <bshifter32_carry>.
Analyzing Verilog file "D:\cpu55\regfile.v" into library work
Parsing module <regfile>.
Analyzing Verilog file "D:\cpu55\ram.v" into library work
Parsing module <ram>.
INFO:HDLCompiler:693 - "D:\cpu55\ram.v" Line 37. parameter declaration becomes local in ram with formal parameter declaration list
INFO:HDLCompiler:693 - "D:\cpu55\ram.v" Line 38. parameter declaration becomes local in ram with formal parameter declaration list
Analyzing Verilog file "D:\cpu55\ext.v" into library work
Parsing module <ext>.
Analyzing Verilog file "D:\cpu55\data_ram.v" into library work
Parsing module <data_ram>.
INFO:HDLCompiler:693 - "D:\cpu55\data_ram.v" Line 37. parameter declaration becomes local in data_ram with formal parameter declaration list
Analyzing Verilog file "D:\cpu55\cu.v" into library work
Parsing module <controlunit>.
Analyzing Verilog file "D:\cpu55\alu.v" into library work
Parsing module <alu>.
Analyzing Verilog file "D:\cpu55\pipe_wb.v" into library work
Parsing module <pipe_wb>.
Analyzing Verilog file "D:\cpu55\pipe_mem.v" into library work
Parsing module <pipe_mem>.
Analyzing Verilog file "D:\cpu55\pipe_if.v" into library work
Parsing module <pipe_if>.
Analyzing Verilog file "D:\cpu55\pipe_id.v" into library work
Parsing module <pipe_id>.
Analyzing Verilog file "D:\cpu55\pipe_exe.v" into library work
Parsing module <pipe_exe>.
Analyzing Verilog file "D:\cpu55\dffe.v" into library work
Parsing module <dffe>.
Analyzing Verilog file "D:\cpu55\cpu55.v" into library work
Parsing module <cpu55>.

=========================================================================
*                            HDL Elaboration                            *
=========================================================================

Elaborating module <cpu55>.

Elaborating module <dffe(WIDTH=32)>.

Elaborating module <pipe_if>.

Elaborating module <ram(WIDTH=32,DEPTH=10,INIT=1)>.
Reading initialization file \"1out.txt\".
WARNING:HDLCompiler:1670 - "D:\cpu55\ram.v" Line 47: Signal <ram> in initial block is partially initialized.

Elaborating module <top_cla_32>.

Elaborating module <cla_32>.

Elaborating module <cla_16>.

Elaborating module <cla_8>.

Elaborating module <cla_4>.

Elaborating module <cla_2>.

Elaborating module <add>.

Elaborating module <g_p>.
WARNING:HDLCompiler:1127 - "D:\cpu55\pipe_if.v" Line 45: Assignment to npc4_carry ignored, since the identifier is never used
WARNING:HDLCompiler:1127 - "D:\cpu55\pipe_if.v" Line 46: Assignment to npc8_carry ignored, since the identifier is never used

Elaborating module <mux4x32>.

Elaborating module <pipe_id>.

Elaborating module <regfile>.

Elaborating module <decoder(IN=5,OUT=32)>.

Elaborating module <myreg>.

Elaborating module <mux32x32>.

Elaborating module <file_write_regfiles>.

Elaborating module <file_write(WIDTH=32,ARGUMENT="regfiles0")>.
WARNING:HDLCompiler:817 - "D:\cpu55\file_write.v" Line 35: System task fdisplay ignored for synthesis
WARNING:HDLCompiler:1499 - "D:\cpu55\file_write.v" Line 21: Empty module <file_write(WIDTH=32,ARGUMENT="regfiles0")> remains a black box.

Elaborating module <file_write(WIDTH=32,ARGUMENT="regfiles1")>.
WARNING:HDLCompiler:817 - "D:\cpu55\file_write.v" Line 35: System task fdisplay ignored for synthesis
WARNING:HDLCompiler:1499 - "D:\cpu55\file_write.v" Line 21: Empty module <file_write(WIDTH=32,ARGUMENT="regfiles1")> remains a black box.

Elaborating module <file_write(WIDTH=32,ARGUMENT="regfiles2")>.
WARNING:HDLCompiler:817 - "D:\cpu55\file_write.v" Line 35: System task fdisplay ignored for synthesis
WARNING:HDLCompiler:1499 - "D:\cpu55\file_write.v" Line 21: Empty module <file_write(WIDTH=32,ARGUMENT="regfiles2")> remains a black box.

Elaborating module <file_write(WIDTH=32,ARGUMENT="regfiles3")>.
WARNING:HDLCompiler:817 - "D:\cpu55\file_write.v" Line 35: System task fdisplay ignored for synthesis
WARNING:HDLCompiler:1499 - "D:\cpu55\file_write.v" Line 21: Empty module <file_write(WIDTH=32,ARGUMENT="regfiles3")> remains a black box.

Elaborating module <file_write(WIDTH=32,ARGUMENT="regfiles4")>.
WARNING:HDLCompiler:817 - "D:\cpu55\file_write.v" Line 35: System task fdisplay ignored for synthesis
WARNING:HDLCompiler:1499 - "D:\cpu55\file_write.v" Line 21: Empty module <file_write(WIDTH=32,ARGUMENT="regfiles4")> remains a black box.

Elaborating module <file_write(WIDTH=32,ARGUMENT="regfiles5")>.
WARNING:HDLCompiler:817 - "D:\cpu55\file_write.v" Line 35: System task fdisplay ignored for synthesis
WARNING:HDLCompiler:1499 - "D:\cpu55\file_write.v" Line 21: Empty module <file_write(WIDTH=32,ARGUMENT="regfiles5")> remains a black box.

Elaborating module <file_write(WIDTH=32,ARGUMENT="regfiles6")>.
WARNING:HDLCompiler:817 - "D:\cpu55\file_write.v" Line 35: System task fdisplay ignored for synthesis
WARNING:HDLCompiler:1499 - "D:\cpu55\file_write.v" Line 21: Empty module <file_write(WIDTH=32,ARGUMENT="regfiles6")> remains a black box.

Elaborating module <file_write(WIDTH=32,ARGUMENT="regfiles7")>.
WARNING:HDLCompiler:817 - "D:\cpu55\file_write.v" Line 35: System task fdisplay ignored for synthesis
WARNING:HDLCompiler:1499 - "D:\cpu55\file_write.v" Line 21: Empty module <file_write(WIDTH=32,ARGUMENT="regfiles7")> remains a black box.

Elaborating module <file_write(WIDTH=32,ARGUMENT="regfiles8")>.
WARNING:HDLCompiler:817 - "D:\cpu55\file_write.v" Line 35: System task fdisplay ignored for synthesis
WARNING:HDLCompiler:1499 - "D:\cpu55\file_write.v" Line 21: Empty module <file_write(WIDTH=32,ARGUMENT="regfiles8")> remains a black box.

Elaborating module <file_write(WIDTH=32,ARGUMENT="regfiles9")>.
WARNING:HDLCompiler:817 - "D:\cpu55\file_write.v" Line 35: System task fdisplay ignored for synthesis
WARNING:HDLCompiler:1499 - "D:\cpu55\file_write.v" Line 21: Empty module <file_write(WIDTH=32,ARGUMENT="regfiles9")> remains a black box.

Elaborating module <file_write(WIDTH=32,ARGUMENT="regfiles10")>.
WARNING:HDLCompiler:817 - "D:\cpu55\file_write.v" Line 35: System task fdisplay ignored for synthesis
WARNING:HDLCompiler:1499 - "D:\cpu55\file_write.v" Line 21: Empty module <file_write(WIDTH=32,ARGUMENT="regfiles10")> remains a black box.

Elaborating module <file_write(WIDTH=32,ARGUMENT="regfiles11")>.
WARNING:HDLCompiler:817 - "D:\cpu55\file_write.v" Line 35: System task fdisplay ignored for synthesis
WARNING:HDLCompiler:1499 - "D:\cpu55\file_write.v" Line 21: Empty module <file_write(WIDTH=32,ARGUMENT="regfiles11")> remains a black box.

Elaborating module <file_write(WIDTH=32,ARGUMENT="regfiles12")>.
WARNING:HDLCompiler:817 - "D:\cpu55\file_write.v" Line 35: System task fdisplay ignored for synthesis
WARNING:HDLCompiler:1499 - "D:\cpu55\file_write.v" Line 21: Empty module <file_write(WIDTH=32,ARGUMENT="regfiles12")> remains a black box.

Elaborating module <file_write(WIDTH=32,ARGUMENT="regfiles13")>.
WARNING:HDLCompiler:817 - "D:\cpu55\file_write.v" Line 35: System task fdisplay ignored for synthesis
WARNING:HDLCompiler:1499 - "D:\cpu55\file_write.v" Line 21: Empty module <file_write(WIDTH=32,ARGUMENT="regfiles13")> remains a black box.

Elaborating module <file_write(WIDTH=32,ARGUMENT="regfiles14")>.
WARNING:HDLCompiler:817 - "D:\cpu55\file_write.v" Line 35: System task fdisplay ignored for synthesis
WARNING:HDLCompiler:1499 - "D:\cpu55\file_write.v" Line 21: Empty module <file_write(WIDTH=32,ARGUMENT="regfiles14")> remains a black box.

Elaborating module <file_write(WIDTH=32,ARGUMENT="regfiles15")>.
WARNING:HDLCompiler:817 - "D:\cpu55\file_write.v" Line 35: System task fdisplay ignored for synthesis
WARNING:HDLCompiler:1499 - "D:\cpu55\file_write.v" Line 21: Empty module <file_write(WIDTH=32,ARGUMENT="regfiles15")> remains a black box.

Elaborating module <file_write(WIDTH=32,ARGUMENT="regfiles16")>.
WARNING:HDLCompiler:817 - "D:\cpu55\file_write.v" Line 35: System task fdisplay ignored for synthesis
WARNING:HDLCompiler:1499 - "D:\cpu55\file_write.v" Line 21: Empty module <file_write(WIDTH=32,ARGUMENT="regfiles16")> remains a black box.

Elaborating module <file_write(WIDTH=32,ARGUMENT="regfiles17")>.
WARNING:HDLCompiler:817 - "D:\cpu55\file_write.v" Line 35: System task fdisplay ignored for synthesis
WARNING:HDLCompiler:1499 - "D:\cpu55\file_write.v" Line 21: Empty module <file_write(WIDTH=32,ARGUMENT="regfiles17")> remains a black box.

Elaborating module <file_write(WIDTH=32,ARGUMENT="regfiles18")>.
WARNING:HDLCompiler:817 - "D:\cpu55\file_write.v" Line 35: System task fdisplay ignored for synthesis
WARNING:HDLCompiler:1499 - "D:\cpu55\file_write.v" Line 21: Empty module <file_write(WIDTH=32,ARGUMENT="regfiles18")> remains a black box.

Elaborating module <file_write(WIDTH=32,ARGUMENT="regfiles19")>.
WARNING:HDLCompiler:817 - "D:\cpu55\file_write.v" Line 35: System task fdisplay ignored for synthesis
WARNING:HDLCompiler:1499 - "D:\cpu55\file_write.v" Line 21: Empty module <file_write(WIDTH=32,ARGUMENT="regfiles19")> remains a black box.

Elaborating module <file_write(WIDTH=32,ARGUMENT="regfiles20")>.
WARNING:HDLCompiler:817 - "D:\cpu55\file_write.v" Line 35: System task fdisplay ignored for synthesis
WARNING:HDLCompiler:1499 - "D:\cpu55\file_write.v" Line 21: Empty module <file_write(WIDTH=32,ARGUMENT="regfiles20")> remains a black box.

Elaborating module <file_write(WIDTH=32,ARGUMENT="regfiles21")>.
WARNING:HDLCompiler:817 - "D:\cpu55\file_write.v" Line 35: System task fdisplay ignored for synthesis
WARNING:HDLCompiler:1499 - "D:\cpu55\file_write.v" Line 21: Empty module <file_write(WIDTH=32,ARGUMENT="regfiles21")> remains a black box.

Elaborating module <file_write(WIDTH=32,ARGUMENT="regfiles22")>.
WARNING:HDLCompiler:817 - "D:\cpu55\file_write.v" Line 35: System task fdisplay ignored for synthesis
WARNING:HDLCompiler:1499 - "D:\cpu55\file_write.v" Line 21: Empty module <file_write(WIDTH=32,ARGUMENT="regfiles22")> remains a black box.

Elaborating module <file_write(WIDTH=32,ARGUMENT="regfiles23")>.
WARNING:HDLCompiler:817 - "D:\cpu55\file_write.v" Line 35: System task fdisplay ignored for synthesis
WARNING:HDLCompiler:1499 - "D:\cpu55\file_write.v" Line 21: Empty module <file_write(WIDTH=32,ARGUMENT="regfiles23")> remains a black box.

Elaborating module <file_write(WIDTH=32,ARGUMENT="regfiles24")>.
WARNING:HDLCompiler:817 - "D:\cpu55\file_write.v" Line 35: System task fdisplay ignored for synthesis
WARNING:HDLCompiler:1499 - "D:\cpu55\file_write.v" Line 21: Empty module <file_write(WIDTH=32,ARGUMENT="regfiles24")> remains a black box.

Elaborating module <file_write(WIDTH=32,ARGUMENT="regfiles25")>.
WARNING:HDLCompiler:817 - "D:\cpu55\file_write.v" Line 35: System task fdisplay ignored for synthesis
WARNING:HDLCompiler:1499 - "D:\cpu55\file_write.v" Line 21: Empty module <file_write(WIDTH=32,ARGUMENT="regfiles25")> remains a black box.

Elaborating module <file_write(WIDTH=32,ARGUMENT="regfiles26")>.
WARNING:HDLCompiler:817 - "D:\cpu55\file_write.v" Line 35: System task fdisplay ignored for synthesis
WARNING:HDLCompiler:1499 - "D:\cpu55\file_write.v" Line 21: Empty module <file_write(WIDTH=32,ARGUMENT="regfiles26")> remains a black box.

Elaborating module <file_write(WIDTH=32,ARGUMENT="regfiles27")>.
WARNING:HDLCompiler:817 - "D:\cpu55\file_write.v" Line 35: System task fdisplay ignored for synthesis
WARNING:HDLCompiler:1499 - "D:\cpu55\file_write.v" Line 21: Empty module <file_write(WIDTH=32,ARGUMENT="regfiles27")> remains a black box.

Elaborating module <file_write(WIDTH=32,ARGUMENT="regfiles28")>.
WARNING:HDLCompiler:817 - "D:\cpu55\file_write.v" Line 35: System task fdisplay ignored for synthesis
WARNING:HDLCompiler:1499 - "D:\cpu55\file_write.v" Line 21: Empty module <file_write(WIDTH=32,ARGUMENT="regfiles28")> remains a black box.

Elaborating module <file_write(WIDTH=32,ARGUMENT="regfiles29")>.
WARNING:HDLCompiler:817 - "D:\cpu55\file_write.v" Line 35: System task fdisplay ignored for synthesis
WARNING:HDLCompiler:1499 - "D:\cpu55\file_write.v" Line 21: Empty module <file_write(WIDTH=32,ARGUMENT="regfiles29")> remains a black box.

Elaborating module <file_write(WIDTH=32,ARGUMENT="regfiles30")>.
WARNING:HDLCompiler:817 - "D:\cpu55\file_write.v" Line 35: System task fdisplay ignored for synthesis
WARNING:HDLCompiler:1499 - "D:\cpu55\file_write.v" Line 21: Empty module <file_write(WIDTH=32,ARGUMENT="regfiles30")> remains a black box.

Elaborating module <file_write(WIDTH=32,ARGUMENT="regfiles31")>.
WARNING:HDLCompiler:817 - "D:\cpu55\file_write.v" Line 35: System task fdisplay ignored for synthesis
WARNING:HDLCompiler:1499 - "D:\cpu55\file_write.v" Line 21: Empty module <file_write(WIDTH=32,ARGUMENT="regfiles31")> remains a black box.

Elaborating module <controlunit>.
WARNING:HDLCompiler:1127 - "D:\cpu55\cu.v" Line 102: Assignment to i_div ignored, since the identifier is never used
WARNING:HDLCompiler:1127 - "D:\cpu55\cu.v" Line 103: Assignment to i_divu ignored, since the identifier is never used
WARNING:HDLCompiler:1127 - "D:\cpu55\cu.v" Line 104: Assignment to i_mult ignored, since the identifier is never used
WARNING:HDLCompiler:1127 - "D:\cpu55\cu.v" Line 105: Assignment to i_multu ignored, since the identifier is never used
WARNING:HDLCompiler:1127 - "D:\cpu55\cu.v" Line 119: Assignment to i_break ignored, since the identifier is never used
WARNING:HDLCompiler:1127 - "D:\cpu55\cu.v" Line 120: Assignment to i_syscall ignored, since the identifier is never used
WARNING:HDLCompiler:1127 - "D:\cpu55\cu.v" Line 122: Assignment to i_eret ignored, since the identifier is never used
WARNING:HDLCompiler:1127 - "D:\cpu55\cu.v" Line 123: Assignment to i_mfhi ignored, since the identifier is never used
WARNING:HDLCompiler:1127 - "D:\cpu55\cu.v" Line 124: Assignment to i_mflo ignored, since the identifier is never used
WARNING:HDLCompiler:1127 - "D:\cpu55\cu.v" Line 125: Assignment to i_mthi ignored, since the identifier is never used
WARNING:HDLCompiler:1127 - "D:\cpu55\cu.v" Line 126: Assignment to i_mtlo ignored, since the identifier is never used
WARNING:HDLCompiler:1127 - "D:\cpu55\cu.v" Line 127: Assignment to i_mfc0 ignored, since the identifier is never used
WARNING:HDLCompiler:1127 - "D:\cpu55\cu.v" Line 128: Assignment to i_mtc0 ignored, since the identifier is never used

Elaborating module <mux2x32>.
WARNING:HDLCompiler:189 - "D:\cpu55\pipe_id.v" Line 91: Size mismatch in connection of port <a>. Formal port size is 32-bit while actual signal size is 5-bit.

Elaborating module <ext>.

Elaborating module <ext(WIDTH=16)>.

Elaborating module <mux2x32(WIDTH=5)>.

Elaborating module <pipe_exe>.

Elaborating module <alu>.

Elaborating module <addsub32>.

Elaborating module <add1>.
WARNING:HDLCompiler:1127 - "D:\cpu55\addsub32.v" Line 58: Assignment to add_cout ignored, since the identifier is never used
WARNING:HDLCompiler:91 - "D:\cpu55\addsub32.v" Line 68: Signal <add_result> missing in the sensitivity list is added for synthesis purposes. HDL and post-synthesis simulations may differ as a result.
WARNING:HDLCompiler:91 - "D:\cpu55\addsub32.v" Line 69: Signal <addu_result> missing in the sensitivity list is added for synthesis purposes. HDL and post-synthesis simulations may differ as a result.
WARNING:HDLCompiler:91 - "D:\cpu55\addsub32.v" Line 76: Signal <addu_result> missing in the sensitivity list is added for synthesis purposes. HDL and post-synthesis simulations may differ as a result.
WARNING:HDLCompiler:91 - "D:\cpu55\addsub32.v" Line 77: Signal <addu_cout> missing in the sensitivity list is added for synthesis purposes. HDL and post-synthesis simulations may differ as a result.

Elaborating module <slt>.
WARNING:HDLCompiler:1127 - "D:\cpu55\slt.v" Line 33: Assignment to c_r ignored, since the identifier is never used

Elaborating module <bshifter32_carry>.

Elaborating module <barrelshifter32>.

Elaborating module <mux4x32(WIDTH=1)>.
WARNING:HDLCompiler:1127 - "D:\cpu55\cpu55.v" Line 136: Assignment to carry ignored, since the identifier is never used

Elaborating module <pipe_mem>.

Elaborating module <mux4x32(WIDTH=8)>.

Elaborating module <mux2x32(WIDTH=16)>.

Elaborating module <ext(WIDTH=8)>.

Elaborating module <data_ram(DEPTH=8,INIT=0)>.

Elaborating module <mux4x32(WIDTH=32)>.

Elaborating module <pipe_wb>.

Elaborating module <file_write(WIDTH=32,ARGUMENT="instr")>.
WARNING:HDLCompiler:817 - "D:\cpu55\file_write.v" Line 35: System task fdisplay ignored for synthesis
WARNING:HDLCompiler:1499 - "D:\cpu55\file_write.v" Line 21: Empty module <file_write(WIDTH=32,ARGUMENT="instr")> remains a black box.

Elaborating module <file_write(WIDTH=32,ARGUMENT="pc")>.
WARNING:HDLCompiler:817 - "D:\cpu55\file_write.v" Line 35: System task fdisplay ignored for synthesis
WARNING:HDLCompiler:1499 - "D:\cpu55\file_write.v" Line 21: Empty module <file_write(WIDTH=32,ARGUMENT="pc")> remains a black box.
WARNING:HDLCompiler:634 - "D:\cpu55\cpu55.v" Line 48: Net <iram_indata[31]> does not have a driver.
WARNING:Xst:2972 - "d:/cpu55/regfile.v" line 146. All outputs of instance <fw_rf> of block <file_write_regfiles> are unconnected in block <regfile>. Underlying logic will be removed.
WARNING:Xst:2972 - "d:/cpu55/file_write_regfiles.v" line 60. All outputs of instance <fw_rf0> of block <file_write> are unconnected in block <file_write_regfiles>. Underlying logic will be removed.
WARNING:Xst:2972 - "d:/cpu55/file_write_regfiles.v" line 61. All outputs of instance <fw_rf1> of block <file_write> are unconnected in block <file_write_regfiles>. Underlying logic will be removed.
WARNING:Xst:2972 - "d:/cpu55/file_write_regfiles.v" line 62. All outputs of instance <fw_rf2> of block <file_write> are unconnected in block <file_write_regfiles>. Underlying logic will be removed.
WARNING:Xst:2972 - "d:/cpu55/file_write_regfiles.v" line 63. All outputs of instance <fw_rf3> of block <file_write> are unconnected in block <file_write_regfiles>. Underlying logic will be removed.
WARNING:Xst:2972 - "d:/cpu55/file_write_regfiles.v" line 64. All outputs of instance <fw_rf4> of block <file_write> are unconnected in block <file_write_regfiles>. Underlying logic will be removed.
WARNING:Xst:2972 - "d:/cpu55/file_write_regfiles.v" line 65. All outputs of instance <fw_rf5> of block <file_write> are unconnected in block <file_write_regfiles>. Underlying logic will be removed.
WARNING:Xst:2972 - "d:/cpu55/file_write_regfiles.v" line 66. All outputs of instance <fw_rf6> of block <file_write> are unconnected in block <file_write_regfiles>. Underlying logic will be removed.
WARNING:Xst:2972 - "d:/cpu55/file_write_regfiles.v" line 67. All outputs of instance <fw_rf7> of block <file_write> are unconnected in block <file_write_regfiles>. Underlying logic will be removed.
WARNING:Xst:2972 - "d:/cpu55/file_write_regfiles.v" line 68. All outputs of instance <fw_rf8> of block <file_write> are unconnected in block <file_write_regfiles>. Underlying logic will be removed.
WARNING:Xst:2972 - "d:/cpu55/file_write_regfiles.v" line 69. All outputs of instance <fw_rf9> of block <file_write> are unconnected in block <file_write_regfiles>. Underlying logic will be removed.
WARNING:Xst:2972 - "d:/cpu55/file_write_regfiles.v" line 70. All outputs of instance <fw_rf10> of block <file_write> are unconnected in block <file_write_regfiles>. Underlying logic will be removed.
WARNING:Xst:2972 - "d:/cpu55/file_write_regfiles.v" line 71. All outputs of instance <fw_rf11> of block <file_write> are unconnected in block <file_write_regfiles>. Underlying logic will be removed.
WARNING:Xst:2972 - "d:/cpu55/file_write_regfiles.v" line 72. All outputs of instance <fw_rf12> of block <file_write> are unconnected in block <file_write_regfiles>. Underlying logic will be removed.
WARNING:Xst:2972 - "d:/cpu55/file_write_regfiles.v" line 73. All outputs of instance <fw_rf13> of block <file_write> are unconnected in block <file_write_regfiles>. Underlying logic will be removed.
WARNING:Xst:2972 - "d:/cpu55/file_write_regfiles.v" line 74. All outputs of instance <fw_rf14> of block <file_write> are unconnected in block <file_write_regfiles>. Underlying logic will be removed.
WARNING:Xst:2972 - "d:/cpu55/file_write_regfiles.v" line 75. All outputs of instance <fw_rf15> of block <file_write> are unconnected in block <file_write_regfiles>. Underlying logic will be removed.
WARNING:Xst:2972 - "d:/cpu55/file_write_regfiles.v" line 76. All outputs of instance <fw_rf16> of block <file_write> are unconnected in block <file_write_regfiles>. Underlying logic will be removed.
WARNING:Xst:2972 - "d:/cpu55/file_write_regfiles.v" line 77. All outputs of instance <fw_rf17> of block <file_write> are unconnected in block <file_write_regfiles>. Underlying logic will be removed.
WARNING:Xst:2972 - "d:/cpu55/file_write_regfiles.v" line 78. All outputs of instance <fw_rf18> of block <file_write> are unconnected in block <file_write_regfiles>. Underlying logic will be removed.
WARNING:Xst:2972 - "d:/cpu55/file_write_regfiles.v" line 79. All outputs of instance <fw_rf19> of block <file_write> are unconnected in block <file_write_regfiles>. Underlying logic will be removed.
WARNING:Xst:2972 - "d:/cpu55/file_write_regfiles.v" line 80. All outputs of instance <fw_rf20> of block <file_write> are unconnected in block <file_write_regfiles>. Underlying logic will be removed.
WARNING:Xst:2972 - "d:/cpu55/file_write_regfiles.v" line 81. All outputs of instance <fw_rf21> of block <file_write> are unconnected in block <file_write_regfiles>. Underlying logic will be removed.
WARNING:Xst:2972 - "d:/cpu55/file_write_regfiles.v" line 82. All outputs of instance <fw_rf22> of block <file_write> are unconnected in block <file_write_regfiles>. Underlying logic will be removed.
WARNING:Xst:2972 - "d:/cpu55/file_write_regfiles.v" line 83. All outputs of instance <fw_rf23> of block <file_write> are unconnected in block <file_write_regfiles>. Underlying logic will be removed.
WARNING:Xst:2972 - "d:/cpu55/file_write_regfiles.v" line 84. All outputs of instance <fw_rf24> of block <file_write> are unconnected in block <file_write_regfiles>. Underlying logic will be removed.
WARNING:Xst:2972 - "d:/cpu55/file_write_regfiles.v" line 85. All outputs of instance <fw_rf25> of block <file_write> are unconnected in block <file_write_regfiles>. Underlying logic will be removed.
WARNING:Xst:2972 - "d:/cpu55/file_write_regfiles.v" line 86. All outputs of instance <fw_rf26> of block <file_write> are unconnected in block <file_write_regfiles>. Underlying logic will be removed.
WARNING:Xst:2972 - "d:/cpu55/file_write_regfiles.v" line 87. All outputs of instance <fw_rf27> of block <file_write> are unconnected in block <file_write_regfiles>. Underlying logic will be removed.
WARNING:Xst:2972 - "d:/cpu55/file_write_regfiles.v" line 88. All outputs of instance <fw_rf28> of block <file_write> are unconnected in block <file_write_regfiles>. Underlying logic will be removed.
WARNING:Xst:2972 - "d:/cpu55/file_write_regfiles.v" line 89. All outputs of instance <fw_rf29> of block <file_write> are unconnected in block <file_write_regfiles>. Underlying logic will be removed.
WARNING:Xst:2972 - "d:/cpu55/file_write_regfiles.v" line 90. All outputs of instance <fw_rf30> of block <file_write> are unconnected in block <file_write_regfiles>. Underlying logic will be removed.
WARNING:Xst:2972 - "d:/cpu55/file_write_regfiles.v" line 91. All outputs of instance <fw_rf31> of block <file_write> are unconnected in block <file_write_regfiles>. Underlying logic will be removed.
WARNING:Xst:2972 - "d:/cpu55/cpu55.v" line 163. All outputs of instance <fw_instr> of block <file_write> are unconnected in block <cpu55>. Underlying logic will be removed.
WARNING:Xst:2972 - "d:/cpu55/cpu55.v" line 164. All outputs of instance <fw_pc> of block <file_write> are unconnected in block <cpu55>. Underlying logic will be removed.

=========================================================================
*                           HDL Synthesis                               *
=========================================================================

Synthesizing Unit <cpu55>.
    Related source file is "d:/cpu55/cpu55.v".
WARNING:Xst:647 - Input <rdfcp0<31:0>> is never used. This port will be preserved and left unconnected if it belongs to a top-level block or it belongs to a sub-block and the hierarchy of this sub-block is preserved.
INFO:Xst:3210 - "d:/cpu55/cpu55.v" line 134: Output port <carry> of the instance <pipe_exe> is unconnected or connected to loadless signal.
WARNING:Xst:653 - Signal <iram_indata> is used but never assigned. This sourceless signal will be automatically connected to value GND.
    Summary:
	no macro.
Unit <cpu55> synthesized.

Synthesizing Unit <dffe>.
    Related source file is "d:/cpu55/dffe.v".
        WIDTH = 32
    Found 32-bit register for signal <data_out>.
    Summary:
	inferred  32 D-type flip-flop(s).
Unit <dffe> synthesized.

Synthesizing Unit <pipe_if>.
    Related source file is "d:/cpu55/pipe_if.v".
INFO:Xst:3210 - "d:/cpu55/pipe_if.v" line 45: Output port <c_out> of the instance <pcplus4> is unconnected or connected to loadless signal.
INFO:Xst:3210 - "d:/cpu55/pipe_if.v" line 46: Output port <c_out> of the instance <pcplus8> is unconnected or connected to loadless signal.
    Found 32-bit adder for signal <pc_beqbne> created at line 49.
    Summary:
	inferred   1 Adder/Subtractor(s).
Unit <pipe_if> synthesized.

Synthesizing Unit <ram>.
    Related source file is "d:/cpu55/ram.v".
        WIDTH = 32
        DEPTH = 10
        INIT = 1
    Found 1024x32-bit single-port RAM <Mram_ram> for signal <ram>.
    Summary:
	inferred   1 RAM(s).
Unit <ram> synthesized.

Synthesizing Unit <top_cla_32>.
    Related source file is "d:/cpu55/top_cla_32.v".
    Summary:
	no macro.
Unit <top_cla_32> synthesized.

Synthesizing Unit <cla_32>.
    Related source file is "d:/cpu55/cla_32.v".
    Summary:
	no macro.
Unit <cla_32> synthesized.

Synthesizing Unit <cla_16>.
    Related source file is "d:/cpu55/cla_16.v".
    Summary:
	no macro.
Unit <cla_16> synthesized.

Synthesizing Unit <cla_8>.
    Related source file is "d:/cpu55/cla_8.v".
    Summary:
	no macro.
Unit <cla_8> synthesized.

Synthesizing Unit <cla_4>.
    Related source file is "d:/cpu55/cla_4.v".
    Summary:
	no macro.
Unit <cla_4> synthesized.

Synthesizing Unit <cla_2>.
    Related source file is "d:/cpu55/cla_2.v".
    Summary:
	no macro.
Unit <cla_2> synthesized.

Synthesizing Unit <add>.
    Related source file is "d:/cpu55/add.v".
    Summary:
Unit <add> synthesized.

Synthesizing Unit <g_p>.
    Related source file is "d:/cpu55/g_p.v".
    Summary:
	no macro.
Unit <g_p> synthesized.

Synthesizing Unit <mux4x32>.
    Related source file is "d:/cpu55/mux4x32.v".
        WIDTH = 32
    Found 32-bit 4-to-1 multiplexer for signal <r> created at line 32.
    Summary:
	inferred   1 Multiplexer(s).
Unit <mux4x32> synthesized.

Synthesizing Unit <pipe_id>.
    Related source file is "d:/cpu55/pipe_id.v".
    Summary:
	no macro.
Unit <pipe_id> synthesized.

Synthesizing Unit <regfile>.
    Related source file is "d:/cpu55/regfile.v".
    Summary:
	no macro.
Unit <regfile> synthesized.

Synthesizing Unit <decoder>.
    Related source file is "d:/cpu55/decoder.v".
        IN = 5
        OUT = 32
    Summary:
	inferred   1 Multiplexer(s).
Unit <decoder> synthesized.

Synthesizing Unit <myreg>.
    Related source file is "d:/cpu55/reg.v".
    Found 32-bit register for signal <data_out>.
    Summary:
	inferred  32 D-type flip-flop(s).
Unit <myreg> synthesized.

Synthesizing Unit <mux32x32>.
    Related source file is "d:/cpu55/mux32x32.v".
    Found 32-bit 32-to-1 multiplexer for signal <data_out> created at line 60.
    Summary:
	inferred   1 Multiplexer(s).
Unit <mux32x32> synthesized.

Synthesizing Unit <controlunit>.
    Related source file is "d:/cpu55/cu.v".
WARNING:Xst:647 - Input <rs<4:0>> is never used. This port will be preserved and left unconnected if it belongs to a top-level block or it belongs to a sub-block and the hierarchy of this sub-block is preserved.
WARNING:Xst:647 - Input <rd<4:0>> is never used. This port will be preserved and left unconnected if it belongs to a top-level block or it belongs to a sub-block and the hierarchy of this sub-block is preserved.
    Summary:
	no macro.
Unit <controlunit> synthesized.

Synthesizing Unit <mux2x32>.
    Related source file is "d:/cpu55/mux2x32.v".
        WIDTH = 32
    Summary:
	inferred   1 Multiplexer(s).
Unit <mux2x32> synthesized.

Synthesizing Unit <ext>.
    Related source file is "d:/cpu55/ext.v".
        WIDTH = 5
    Summary:
	inferred   1 Multiplexer(s).
Unit <ext> synthesized.

Synthesizing Unit <ext_1>.
    Related source file is "d:/cpu55/ext.v".
        WIDTH = 16
    Summary:
	inferred   1 Multiplexer(s).
Unit <ext_1> synthesized.

Synthesizing Unit <mux2x32_1>.
    Related source file is "d:/cpu55/mux2x32.v".
        WIDTH = 5
    Summary:
	inferred   1 Multiplexer(s).
Unit <mux2x32_1> synthesized.

Synthesizing Unit <pipe_exe>.
    Related source file is "d:/cpu55/pipe_exe.v".
    Summary:
	no macro.
Unit <pipe_exe> synthesized.

Synthesizing Unit <alu>.
    Related source file is "d:/cpu55/alu.v".
    Summary:
	inferred   2 Multiplexer(s).
Unit <alu> synthesized.

Synthesizing Unit <addsub32>.
    Related source file is "d:/cpu55/addsub32.v".
INFO:Xst:3210 - "d:/cpu55/addsub32.v" line 58: Output port <co> of the instance <add_32> is unconnected or connected to loadless signal.
    Found 1-bit comparator equal for signal <add_result_addu_result[31]_equal_4_o> created at line 68
    Summary:
	inferred   1 Comparator(s).
	inferred   7 Multiplexer(s).
Unit <addsub32> synthesized.

Synthesizing Unit <add1>.
    Related source file is "d:/cpu55/add1.v".
    Summary:
Unit <add1> synthesized.

Synthesizing Unit <slt>.
    Related source file is "d:/cpu55/slt.v".
INFO:Xst:3210 - "d:/cpu55/slt.v" line 33: Output port <c> of the instance <addsub_slt> is unconnected or connected to loadless signal.
    Summary:
	inferred   1 Multiplexer(s).
Unit <slt> synthesized.

Synthesizing Unit <bshifter32_carry>.
    Related source file is "d:/cpu55/bshifter32_carry.v".
    Found 5-bit subtractor for signal <b[4]_GND_62_o_sub_1_OUT> created at line 37.
    Found 32-bit 3-to-1 multiplexer for signal <c_r> created at line 40.
    Summary:
	inferred   1 Adder/Subtractor(s).
	inferred   5 Multiplexer(s).
Unit <bshifter32_carry> synthesized.

Synthesizing Unit <barrelshifter32>.
    Related source file is "d:/cpu55/barrelshifter32.v".
    Found 32-bit 3-to-1 multiplexer for signal <temp> created at line 35.
    Summary:
	inferred 166 Multiplexer(s).
Unit <barrelshifter32> synthesized.

Synthesizing Unit <mux4x32_1>.
    Related source file is "d:/cpu55/mux4x32.v".
        WIDTH = 1
    Found 1-bit 4-to-1 multiplexer for signal <r> created at line 32.
    Summary:
	inferred   1 Multiplexer(s).
Unit <mux4x32_1> synthesized.

Synthesizing Unit <pipe_mem>.
    Related source file is "d:/cpu55/pipe_mem.v".
WARNING:Xst:647 - Input <addr<31:10>> is never used. This port will be preserved and left unconnected if it belongs to a top-level block or it belongs to a sub-block and the hierarchy of this sub-block is preserved.
    Summary:
	no macro.
Unit <pipe_mem> synthesized.

Synthesizing Unit <mux4x32_2>.
    Related source file is "d:/cpu55/mux4x32.v".
        WIDTH = 8
    Found 8-bit 4-to-1 multiplexer for signal <r> created at line 32.
    Summary:
	inferred   1 Multiplexer(s).
Unit <mux4x32_2> synthesized.

Synthesizing Unit <mux2x32_2>.
    Related source file is "d:/cpu55/mux2x32.v".
        WIDTH = 16
    Summary:
	inferred   1 Multiplexer(s).
Unit <mux2x32_2> synthesized.

Synthesizing Unit <ext_2>.
    Related source file is "d:/cpu55/ext.v".
        WIDTH = 8
    Summary:
	inferred   1 Multiplexer(s).
Unit <ext_2> synthesized.

Synthesizing Unit <data_ram>.
    Related source file is "d:/cpu55/data_ram.v".
        DEPTH = 8
        INIT = 0
WARNING:Xst:647 - Input <w> is never used. This port will be preserved and left unconnected if it belongs to a top-level block or it belongs to a sub-block and the hierarchy of this sub-block is preserved.
WARNING:Xst:647 - Input <h> is never used. This port will be preserved and left unconnected if it belongs to a top-level block or it belongs to a sub-block and the hierarchy of this sub-block is preserved.
WARNING:Xst:647 - Input <b> is never used. This port will be preserved and left unconnected if it belongs to a top-level block or it belongs to a sub-block and the hierarchy of this sub-block is preserved.
WARNING:Xst:647 - Input <z> is never used. This port will be preserved and left unconnected if it belongs to a top-level block or it belongs to a sub-block and the hierarchy of this sub-block is preserved.
    Found 256x32-bit single-port RAM <Mram_ram> for signal <ram>.
    Summary:
	inferred   1 RAM(s).
Unit <data_ram> synthesized.

Synthesizing Unit <mux4x32_3>.
    Related source file is "d:/cpu55/mux4x32.v".
        WIDTH = 32
    Found 32-bit 4-to-1 multiplexer for signal <r> created at line 32.
    Summary:
	inferred   1 Multiplexer(s).
Unit <mux4x32_3> synthesized.

Synthesizing Unit <pipe_wb>.
    Related source file is "d:/cpu55/pipe_wb.v".
    Summary:
	no macro.
Unit <pipe_wb> synthesized.

=========================================================================
HDL Synthesis Report

Macro Statistics
# RAMs                                                 : 2
 1024x32-bit single-port RAM                           : 1
 256x32-bit single-port RAM                            : 1
# Adders/Subtractors                                   : 2
 32-bit adder                                          : 1
 5-bit subtractor                                      : 1
# Registers                                            : 33
 32-bit register                                       : 33
# Comparators                                          : 2
 1-bit comparator equal                                : 2
# Multiplexers                                         : 212
 1-bit 2-to-1 multiplexer                              : 172
 1-bit 4-to-1 multiplexer                              : 3
 16-bit 2-to-1 multiplexer                             : 1
 32-bit 2-to-1 multiplexer                             : 25
 32-bit 3-to-1 multiplexer                             : 2
 32-bit 32-to-1 multiplexer                            : 2
 32-bit 4-to-1 multiplexer                             : 4
 5-bit 2-to-1 multiplexer                              : 2
 8-bit 4-to-1 multiplexer                              : 1
# Xors                                                 : 261
 1-bit xor2                                            : 260
 32-bit xor2                                           : 1

=========================================================================

=========================================================================
*                       Advanced HDL Synthesis                          *
=========================================================================

WARNING:Xst:1290 - Hierarchical block <select_carry> is unconnected in block <alu>.
   It will be removed from the design.
WARNING:Xst:1710 - FF/Latch <data_out_31> (without init value) has a constant value of 0 in block <reg0>. This FF/Latch will be trimmed during the optimization process.
WARNING:Xst:1710 - FF/Latch <data_out_30> (without init value) has a constant value of 0 in block <reg0>. This FF/Latch will be trimmed during the optimization process.
WARNING:Xst:1710 - FF/Latch <data_out_29> (without init value) has a constant value of 0 in block <reg0>. This FF/Latch will be trimmed during the optimization process.
WARNING:Xst:1710 - FF/Latch <data_out_28> (without init value) has a constant value of 0 in block <reg0>. This FF/Latch will be trimmed during the optimization process.
WARNING:Xst:1710 - FF/Latch <data_out_27> (without init value) has a constant value of 0 in block <reg0>. This FF/Latch will be trimmed during the optimization process.
WARNING:Xst:1710 - FF/Latch <data_out_26> (without init value) has a constant value of 0 in block <reg0>. This FF/Latch will be trimmed during the optimization process.
WARNING:Xst:1710 - FF/Latch <data_out_25> (without init value) has a constant value of 0 in block <reg0>. This FF/Latch will be trimmed during the optimization process.
WARNING:Xst:1710 - FF/Latch <data_out_24> (without init value) has a constant value of 0 in block <reg0>. This FF/Latch will be trimmed during the optimization process.
WARNING:Xst:1710 - FF/Latch <data_out_23> (without init value) has a constant value of 0 in block <reg0>. This FF/Latch will be trimmed during the optimization process.
WARNING:Xst:1710 - FF/Latch <data_out_22> (without init value) has a constant value of 0 in block <reg0>. This FF/Latch will be trimmed during the optimization process.
WARNING:Xst:1710 - FF/Latch <data_out_21> (without init value) has a constant value of 0 in block <reg0>. This FF/Latch will be trimmed during the optimization process.
WARNING:Xst:1710 - FF/Latch <data_out_20> (without init value) has a constant value of 0 in block <reg0>. This FF/Latch will be trimmed during the optimization process.
WARNING:Xst:1710 - FF/Latch <data_out_19> (without init value) has a constant value of 0 in block <reg0>. This FF/Latch will be trimmed during the optimization process.
WARNING:Xst:1710 - FF/Latch <data_out_18> (without init value) has a constant value of 0 in block <reg0>. This FF/Latch will be trimmed during the optimization process.
WARNING:Xst:1710 - FF/Latch <data_out_17> (without init value) has a constant value of 0 in block <reg0>. This FF/Latch will be trimmed during the optimization process.
WARNING:Xst:1710 - FF/Latch <data_out_16> (without init value) has a constant value of 0 in block <reg0>. This FF/Latch will be trimmed during the optimization process.
WARNING:Xst:1710 - FF/Latch <data_out_15> (without init value) has a constant value of 0 in block <reg0>. This FF/Latch will be trimmed during the optimization process.
WARNING:Xst:1710 - FF/Latch <data_out_14> (without init value) has a constant value of 0 in block <reg0>. This FF/Latch will be trimmed during the optimization process.
WARNING:Xst:1710 - FF/Latch <data_out_13> (without init value) has a constant value of 0 in block <reg0>. This FF/Latch will be trimmed during the optimization process.
WARNING:Xst:1710 - FF/Latch <data_out_12> (without init value) has a constant value of 0 in block <reg0>. This FF/Latch will be trimmed during the optimization process.
WARNING:Xst:1710 - FF/Latch <data_out_11> (without init value) has a constant value of 0 in block <reg0>. This FF/Latch will be trimmed during the optimization process.
WARNING:Xst:1710 - FF/Latch <data_out_10> (without init value) has a constant value of 0 in block <reg0>. This FF/Latch will be trimmed during the optimization process.
WARNING:Xst:1710 - FF/Latch <data_out_9> (without init value) has a constant value of 0 in block <reg0>. This FF/Latch will be trimmed during the optimization process.
WARNING:Xst:1710 - FF/Latch <data_out_8> (without init value) has a constant value of 0 in block <reg0>. This FF/Latch will be trimmed during the optimization process.
WARNING:Xst:1710 - FF/Latch <data_out_7> (without init value) has a constant value of 0 in block <reg0>. This FF/Latch will be trimmed during the optimization process.
WARNING:Xst:1710 - FF/Latch <data_out_6> (without init value) has a constant value of 0 in block <reg0>. This FF/Latch will be trimmed during the optimization process.
WARNING:Xst:1710 - FF/Latch <data_out_5> (without init value) has a constant value of 0 in block <reg0>. This FF/Latch will be trimmed during the optimization process.
WARNING:Xst:1710 - FF/Latch <data_out_4> (without init value) has a constant value of 0 in block <reg0>. This FF/Latch will be trimmed during the optimization process.
WARNING:Xst:1710 - FF/Latch <data_out_3> (without init value) has a constant value of 0 in block <reg0>. This FF/Latch will be trimmed during the optimization process.
WARNING:Xst:1710 - FF/Latch <data_out_2> (without init value) has a constant value of 0 in block <reg0>. This FF/Latch will be trimmed during the optimization process.
WARNING:Xst:1710 - FF/Latch <data_out_1> (without init value) has a constant value of 0 in block <reg0>. This FF/Latch will be trimmed during the optimization process.
WARNING:Xst:1710 - FF/Latch <data_out_0> (without init value) has a constant value of 0 in block <reg0>. This FF/Latch will be trimmed during the optimization process.

Synthesizing (advanced) Unit <data_ram>.
INFO:Xst:3218 - HDL ADVISOR - The RAM <Mram_ram> will be implemented on LUTs either because you have described an asynchronous read or because of currently unsupported block RAM features. If you have described an asynchronous read, making it synchronous would allow you to take advantage of available block RAM resources, for optimized device usage and improved timings. Please refer to your documentation for coding guidelines.
    -----------------------------------------------------------------------
    | ram_type           | Distributed                         |          |
    -----------------------------------------------------------------------
    | Port A                                                              |
    |     aspect ratio   | 256-word x 32-bit                   |          |
    |     clkA           | connected to signal <clk>           | rise     |
    |     weA            | connected to signal <wena_0>        | high     |
    |     addrA          | connected to signal <addr>          |          |
    |     diA            | connected to signal <data_in>       |          |
    |     doA            | connected to internal node          |          |
    -----------------------------------------------------------------------
Unit <data_ram> synthesized (advanced).

Synthesizing (advanced) Unit <ram>.
INFO:Xst:3218 - HDL ADVISOR - The RAM <Mram_ram> will be implemented on LUTs either because you have described an asynchronous read or because of currently unsupported block RAM features. If you have described an asynchronous read, making it synchronous would allow you to take advantage of available block RAM resources, for optimized device usage and improved timings. Please refer to your documentation for coding guidelines.
    -----------------------------------------------------------------------
    | ram_type           | Distributed                         |          |
    -----------------------------------------------------------------------
    | Port A                                                              |
    |     aspect ratio   | 1024-word x 32-bit                  |          |
    |     clkA           | connected to signal <clk>           | rise     |
    |     weA            | connected to signal <GND>           | high     |
    |     addrA          | connected to signal <addr>          |          |
    |     diA            | connected to signal <GND>           |          |
    |     doA            | connected to internal node          |          |
    -----------------------------------------------------------------------
Unit <ram> synthesized (advanced).

=========================================================================
Advanced HDL Synthesis Report

Macro Statistics
# RAMs                                                 : 2
 1024x32-bit single-port distributed RAM               : 1
 256x32-bit single-port distributed RAM                : 1
# Adders/Subtractors                                   : 2
 32-bit adder                                          : 1
 5-bit subtractor                                      : 1
# Registers                                            : 1056
 Flip-Flops                                            : 1056
# Comparators                                          : 2
 1-bit comparator equal                                : 2
# Multiplexers                                         : 211
 1-bit 2-to-1 multiplexer                              : 172
 1-bit 4-to-1 multiplexer                              : 3
 16-bit 2-to-1 multiplexer                             : 1
 32-bit 2-to-1 multiplexer                             : 24
 32-bit 3-to-1 multiplexer                             : 2
 32-bit 32-to-1 multiplexer                            : 2
 32-bit 4-to-1 multiplexer                             : 4
 5-bit 2-to-1 multiplexer                              : 2
 8-bit 4-to-1 multiplexer                              : 1
# Xors                                                 : 261
 1-bit xor2                                            : 260
 32-bit xor2                                           : 1

=========================================================================

=========================================================================
*                         Low Level Synthesis                           *
=========================================================================
WARNING:Xst:1710 - FF/Latch <reg0/data_out_0> (without init value) has a constant value of 0 in block <regfile>. This FF/Latch will be trimmed during the optimization process.
WARNING:Xst:1895 - Due to other FF/Latch trimming, FF/Latch <reg0/data_out_1> (without init value) has a constant value of 0 in block <regfile>. This FF/Latch will be trimmed during the optimization process.
WARNING:Xst:1895 - Due to other FF/Latch trimming, FF/Latch <reg0/data_out_2> (without init value) has a constant value of 0 in block <regfile>. This FF/Latch will be trimmed during the optimization process.
WARNING:Xst:1895 - Due to other FF/Latch trimming, FF/Latch <reg0/data_out_3> (without init value) has a constant value of 0 in block <regfile>. This FF/Latch will be trimmed during the optimization process.
WARNING:Xst:1895 - Due to other FF/Latch trimming, FF/Latch <reg0/data_out_4> (without init value) has a constant value of 0 in block <regfile>. This FF/Latch will be trimmed during the optimization process.
WARNING:Xst:1895 - Due to other FF/Latch trimming, FF/Latch <reg0/data_out_5> (without init value) has a constant value of 0 in block <regfile>. This FF/Latch will be trimmed during the optimization process.
WARNING:Xst:1895 - Due to other FF/Latch trimming, FF/Latch <reg0/data_out_6> (without init value) has a constant value of 0 in block <regfile>. This FF/Latch will be trimmed during the optimization process.
WARNING:Xst:1895 - Due to other FF/Latch trimming, FF/Latch <reg0/data_out_7> (without init value) has a constant value of 0 in block <regfile>. This FF/Latch will be trimmed during the optimization process.
WARNING:Xst:1895 - Due to other FF/Latch trimming, FF/Latch <reg0/data_out_8> (without init value) has a constant value of 0 in block <regfile>. This FF/Latch will be trimmed during the optimization process.
WARNING:Xst:1895 - Due to other FF/Latch trimming, FF/Latch <reg0/data_out_9> (without init value) has a constant value of 0 in block <regfile>. This FF/Latch will be trimmed during the optimization process.
WARNING:Xst:1895 - Due to other FF/Latch trimming, FF/Latch <reg0/data_out_10> (without init value) has a constant value of 0 in block <regfile>. This FF/Latch will be trimmed during the optimization process.
WARNING:Xst:1895 - Due to other FF/Latch trimming, FF/Latch <reg0/data_out_11> (without init value) has a constant value of 0 in block <regfile>. This FF/Latch will be trimmed during the optimization process.
WARNING:Xst:1895 - Due to other FF/Latch trimming, FF/Latch <reg0/data_out_12> (without init value) has a constant value of 0 in block <regfile>. This FF/Latch will be trimmed during the optimization process.
WARNING:Xst:1895 - Due to other FF/Latch trimming, FF/Latch <reg0/data_out_13> (without init value) has a constant value of 0 in block <regfile>. This FF/Latch will be trimmed during the optimization process.
WARNING:Xst:1895 - Due to other FF/Latch trimming, FF/Latch <reg0/data_out_14> (without init value) has a constant value of 0 in block <regfile>. This FF/Latch will be trimmed during the optimization process.
WARNING:Xst:1895 - Due to other FF/Latch trimming, FF/Latch <reg0/data_out_15> (without init value) has a constant value of 0 in block <regfile>. This FF/Latch will be trimmed during the optimization process.
WARNING:Xst:1895 - Due to other FF/Latch trimming, FF/Latch <reg0/data_out_16> (without init value) has a constant value of 0 in block <regfile>. This FF/Latch will be trimmed during the optimization process.
WARNING:Xst:1895 - Due to other FF/Latch trimming, FF/Latch <reg0/data_out_17> (without init value) has a constant value of 0 in block <regfile>. This FF/Latch will be trimmed during the optimization process.
WARNING:Xst:1895 - Due to other FF/Latch trimming, FF/Latch <reg0/data_out_18> (without init value) has a constant value of 0 in block <regfile>. This FF/Latch will be trimmed during the optimization process.
WARNING:Xst:1895 - Due to other FF/Latch trimming, FF/Latch <reg0/data_out_19> (without init value) has a constant value of 0 in block <regfile>. This FF/Latch will be trimmed during the optimization process.
WARNING:Xst:1895 - Due to other FF/Latch trimming, FF/Latch <reg0/data_out_20> (without init value) has a constant value of 0 in block <regfile>. This FF/Latch will be trimmed during the optimization process.
WARNING:Xst:1895 - Due to other FF/Latch trimming, FF/Latch <reg0/data_out_21> (without init value) has a constant value of 0 in block <regfile>. This FF/Latch will be trimmed during the optimization process.
WARNING:Xst:1895 - Due to other FF/Latch trimming, FF/Latch <reg0/data_out_22> (without init value) has a constant value of 0 in block <regfile>. This FF/Latch will be trimmed during the optimization process.
WARNING:Xst:1895 - Due to other FF/Latch trimming, FF/Latch <reg0/data_out_23> (without init value) has a constant value of 0 in block <regfile>. This FF/Latch will be trimmed during the optimization process.
WARNING:Xst:1895 - Due to other FF/Latch trimming, FF/Latch <reg0/data_out_24> (without init value) has a constant value of 0 in block <regfile>. This FF/Latch will be trimmed during the optimization process.
WARNING:Xst:1895 - Due to other FF/Latch trimming, FF/Latch <reg0/data_out_25> (without init value) has a constant value of 0 in block <regfile>. This FF/Latch will be trimmed during the optimization process.
WARNING:Xst:1895 - Due to other FF/Latch trimming, FF/Latch <reg0/data_out_26> (without init value) has a constant value of 0 in block <regfile>. This FF/Latch will be trimmed during the optimization process.
WARNING:Xst:1895 - Due to other FF/Latch trimming, FF/Latch <reg0/data_out_27> (without init value) has a constant value of 0 in block <regfile>. This FF/Latch will be trimmed during the optimization process.
WARNING:Xst:1895 - Due to other FF/Latch trimming, FF/Latch <reg0/data_out_28> (without init value) has a constant value of 0 in block <regfile>. This FF/Latch will be trimmed during the optimization process.
WARNING:Xst:1895 - Due to other FF/Latch trimming, FF/Latch <reg0/data_out_29> (without init value) has a constant value of 0 in block <regfile>. This FF/Latch will be trimmed during the optimization process.
WARNING:Xst:1895 - Due to other FF/Latch trimming, FF/Latch <reg0/data_out_30> (without init value) has a constant value of 0 in block <regfile>. This FF/Latch will be trimmed during the optimization process.
WARNING:Xst:1895 - Due to other FF/Latch trimming, FF/Latch <reg0/data_out_31> (without init value) has a constant value of 0 in block <regfile>. This FF/Latch will be trimmed during the optimization process.

Optimizing unit <dffe> ...

Optimizing unit <cpu55> ...

Optimizing unit <regfile> ...

Optimizing unit <controlunit> ...

Optimizing unit <pipe_mem> ...

Optimizing unit <alu> ...

Optimizing unit <addsub32> ...

Optimizing unit <bshifter32_carry> ...

Optimizing unit <barrelshifter32> ...
INFO:Xst:2399 - RAMs <pipe_if/iram/Mram_ram2>, <pipe_if/iram/Mram_ram3> are equivalent, second RAM is removed
INFO:Xst:2399 - RAMs <pipe_if/iram/Mram_ram2>, <pipe_if/iram/Mram_ram4> are equivalent, second RAM is removed
INFO:Xst:2399 - RAMs <pipe_if/iram/Mram_ram2>, <pipe_if/iram/Mram_ram6> are equivalent, second RAM is removed
INFO:Xst:2399 - RAMs <pipe_if/iram/Mram_ram2>, <pipe_if/iram/Mram_ram7> are equivalent, second RAM is removed
INFO:Xst:2399 - RAMs <pipe_if/iram/Mram_ram2>, <pipe_if/iram/Mram_ram8> are equivalent, second RAM is removed
INFO:Xst:2399 - RAMs <pipe_if/iram/Mram_ram2>, <pipe_if/iram/Mram_ram11> are equivalent, second RAM is removed
INFO:Xst:2399 - RAMs <pipe_if/iram/Mram_ram2>, <pipe_if/iram/Mram_ram10> are equivalent, second RAM is removed
INFO:Xst:2399 - RAMs <pipe_if/iram/Mram_ram2>, <pipe_if/iram/Mram_ram12> are equivalent, second RAM is removed
INFO:Xst:2399 - RAMs <pipe_if/iram/Mram_ram2>, <pipe_if/iram/Mram_ram16> are equivalent, second RAM is removed
INFO:Xst:2399 - RAMs <pipe_if/iram/Mram_ram2>, <pipe_if/iram/Mram_ram14> are equivalent, second RAM is removed
INFO:Xst:2399 - RAMs <pipe_if/iram/Mram_ram2>, <pipe_if/iram/Mram_ram15> are equivalent, second RAM is removed
INFO:Xst:2399 - RAMs <pipe_if/iram/Mram_ram2>, <pipe_if/iram/Mram_ram18> are equivalent, second RAM is removed
INFO:Xst:2399 - RAMs <pipe_if/iram/Mram_ram2>, <pipe_if/iram/Mram_ram19> are equivalent, second RAM is removed
INFO:Xst:2399 - RAMs <pipe_if/iram/Mram_ram2>, <pipe_if/iram/Mram_ram20> are equivalent, second RAM is removed
INFO:Xst:2399 - RAMs <pipe_if/iram/Mram_ram2>, <pipe_if/iram/Mram_ram22> are equivalent, second RAM is removed
INFO:Xst:2399 - RAMs <pipe_if/iram/Mram_ram2>, <pipe_if/iram/Mram_ram23> are equivalent, second RAM is removed
INFO:Xst:2399 - RAMs <pipe_if/iram/Mram_ram2>, <pipe_if/iram/Mram_ram24> are equivalent, second RAM is removed
INFO:Xst:2399 - RAMs <pipe_if/iram/Mram_ram2>, <pipe_if/iram/Mram_ram26> are equivalent, second RAM is removed
INFO:Xst:2399 - RAMs <pipe_if/iram/Mram_ram2>, <pipe_if/iram/Mram_ram27> are equivalent, second RAM is removed
INFO:Xst:2399 - RAMs <pipe_if/iram/Mram_ram2>, <pipe_if/iram/Mram_ram30> are equivalent, second RAM is removed
INFO:Xst:2399 - RAMs <pipe_if/iram/Mram_ram2>, <pipe_if/iram/Mram_ram28> are equivalent, second RAM is removed
INFO:Xst:2399 - RAMs <pipe_if/iram/Mram_ram2>, <pipe_if/iram/Mram_ram31> are equivalent, second RAM is removed
INFO:Xst:2399 - RAMs <pipe_if/iram/Mram_ram2>, <pipe_if/iram/Mram_ram32> are equivalent, second RAM is removed
INFO:Xst:2399 - RAMs <pipe_if/iram/Mram_ram2>, <pipe_if/iram/Mram_ram35> are equivalent, second RAM is removed
INFO:Xst:2399 - RAMs <pipe_if/iram/Mram_ram2>, <pipe_if/iram/Mram_ram34> are equivalent, second RAM is removed
INFO:Xst:2399 - RAMs <pipe_if/iram/Mram_ram2>, <pipe_if/iram/Mram_ram36> are equivalent, second RAM is removed
INFO:Xst:2399 - RAMs <pipe_if/iram/Mram_ram2>, <pipe_if/iram/Mram_ram40> are equivalent, second RAM is removed
INFO:Xst:2399 - RAMs <pipe_if/iram/Mram_ram2>, <pipe_if/iram/Mram_ram38> are equivalent, second RAM is removed
INFO:Xst:2399 - RAMs <pipe_if/iram/Mram_ram2>, <pipe_if/iram/Mram_ram39> are equivalent, second RAM is removed
INFO:Xst:2399 - RAMs <pipe_if/iram/Mram_ram2>, <pipe_if/iram/Mram_ram42> are equivalent, second RAM is removed
INFO:Xst:2399 - RAMs <pipe_if/iram/Mram_ram2>, <pipe_if/iram/Mram_ram43> are equivalent, second RAM is removed
INFO:Xst:2399 - RAMs <pipe_if/iram/Mram_ram2>, <pipe_if/iram/Mram_ram44> are equivalent, second RAM is removed
INFO:Xst:2399 - RAMs <pipe_if/iram/Mram_ram2>, <pipe_if/iram/Mram_ram46> are equivalent, second RAM is removed
INFO:Xst:2399 - RAMs <pipe_if/iram/Mram_ram2>, <pipe_if/iram/Mram_ram47> are equivalent, second RAM is removed
INFO:Xst:2399 - RAMs <pipe_if/iram/Mram_ram2>, <pipe_if/iram/Mram_ram48> are equivalent, second RAM is removed
INFO:Xst:2399 - RAMs <pipe_if/iram/Mram_ram2>, <pipe_if/iram/Mram_ram50> are equivalent, second RAM is removed
INFO:Xst:2399 - RAMs <pipe_if/iram/Mram_ram2>, <pipe_if/iram/Mram_ram51> are equivalent, second RAM is removed
INFO:Xst:2399 - RAMs <pipe_if/iram/Mram_ram2>, <pipe_if/iram/Mram_ram54> are equivalent, second RAM is removed
INFO:Xst:2399 - RAMs <pipe_if/iram/Mram_ram2>, <pipe_if/iram/Mram_ram52> are equivalent, second RAM is removed
INFO:Xst:2399 - RAMs <pipe_if/iram/Mram_ram2>, <pipe_if/iram/Mram_ram55> are equivalent, second RAM is removed
INFO:Xst:2399 - RAMs <pipe_if/iram/Mram_ram2>, <pipe_if/iram/Mram_ram56> are equivalent, second RAM is removed
INFO:Xst:2399 - RAMs <pipe_if/iram/Mram_ram2>, <pipe_if/iram/Mram_ram59> are equivalent, second RAM is removed
INFO:Xst:2399 - RAMs <pipe_if/iram/Mram_ram2>, <pipe_if/iram/Mram_ram58> are equivalent, second RAM is removed
INFO:Xst:2399 - RAMs <pipe_if/iram/Mram_ram2>, <pipe_if/iram/Mram_ram60> are equivalent, second RAM is removed
INFO:Xst:2399 - RAMs <pipe_if/iram/Mram_ram2>, <pipe_if/iram/Mram_ram62> are equivalent, second RAM is removed
INFO:Xst:2399 - RAMs <pipe_if/iram/Mram_ram2>, <pipe_if/iram/Mram_ram63> are equivalent, second RAM is removed
INFO:Xst:2399 - RAMs <pipe_if/iram/Mram_ram2>, <pipe_if/iram/Mram_ram64> are equivalent, second RAM is removed
INFO:Xst:2399 - RAMs <pipe_if/iram/Mram_ram2>, <pipe_if/iram/Mram_ram68> are equivalent, second RAM is removed
INFO:Xst:2399 - RAMs <pipe_if/iram/Mram_ram2>, <pipe_if/iram/Mram_ram66> are equivalent, second RAM is removed
INFO:Xst:2399 - RAMs <pipe_if/iram/Mram_ram2>, <pipe_if/iram/Mram_ram67> are equivalent, second RAM is removed
INFO:Xst:2399 - RAMs <pipe_if/iram/Mram_ram2>, <pipe_if/iram/Mram_ram70> are equivalent, second RAM is removed
INFO:Xst:2399 - RAMs <pipe_if/iram/Mram_ram2>, <pipe_if/iram/Mram_ram71> are equivalent, second RAM is removed
INFO:Xst:2399 - RAMs <pipe_if/iram/Mram_ram2>, <pipe_if/iram/Mram_ram72> are equivalent, second RAM is removed
INFO:Xst:2399 - RAMs <pipe_if/iram/Mram_ram2>, <pipe_if/iram/Mram_ram74> are equivalent, second RAM is removed
INFO:Xst:2399 - RAMs <pipe_if/iram/Mram_ram2>, <pipe_if/iram/Mram_ram75> are equivalent, second RAM is removed
INFO:Xst:2399 - RAMs <pipe_if/iram/Mram_ram2>, <pipe_if/iram/Mram_ram78> are equivalent, second RAM is removed
INFO:Xst:2399 - RAMs <pipe_if/iram/Mram_ram2>, <pipe_if/iram/Mram_ram76> are equivalent, second RAM is removed
INFO:Xst:2399 - RAMs <pipe_if/iram/Mram_ram2>, <pipe_if/iram/Mram_ram79> are equivalent, second RAM is removed
INFO:Xst:2399 - RAMs <pipe_if/iram/Mram_ram2>, <pipe_if/iram/Mram_ram80> are equivalent, second RAM is removed
INFO:Xst:2399 - RAMs <pipe_if/iram/Mram_ram2>, <pipe_if/iram/Mram_ram82> are equivalent, second RAM is removed
INFO:Xst:2399 - RAMs <pipe_if/iram/Mram_ram2>, <pipe_if/iram/Mram_ram83> are equivalent, second RAM is removed
INFO:Xst:2399 - RAMs <pipe_if/iram/Mram_ram2>, <pipe_if/iram/Mram_ram84> are equivalent, second RAM is removed
INFO:Xst:2399 - RAMs <pipe_if/iram/Mram_ram2>, <pipe_if/iram/Mram_ram87> are equivalent, second RAM is removed
INFO:Xst:2399 - RAMs <pipe_if/iram/Mram_ram2>, <pipe_if/iram/Mram_ram86> are equivalent, second RAM is removed
INFO:Xst:2399 - RAMs <pipe_if/iram/Mram_ram2>, <pipe_if/iram/Mram_ram88> are equivalent, second RAM is removed
INFO:Xst:2399 - RAMs <pipe_if/iram/Mram_ram2>, <pipe_if/iram/Mram_ram92> are equivalent, second RAM is removed
INFO:Xst:2399 - RAMs <pipe_if/iram/Mram_ram2>, <pipe_if/iram/Mram_ram90> are equivalent, second RAM is removed
INFO:Xst:2399 - RAMs <pipe_if/iram/Mram_ram2>, <pipe_if/iram/Mram_ram91> are equivalent, second RAM is removed
INFO:Xst:2399 - RAMs <pipe_if/iram/Mram_ram2>, <pipe_if/iram/Mram_ram94> are equivalent, second RAM is removed
INFO:Xst:2399 - RAMs <pipe_if/iram/Mram_ram2>, <pipe_if/iram/Mram_ram95> are equivalent, second RAM is removed
INFO:Xst:2399 - RAMs <pipe_if/iram/Mram_ram2>, <pipe_if/iram/Mram_ram96> are equivalent, second RAM is removed
INFO:Xst:2399 - RAMs <pipe_if/iram/Mram_ram2>, <pipe_if/iram/Mram_ram98> are equivalent, second RAM is removed
INFO:Xst:2399 - RAMs <pipe_if/iram/Mram_ram2>, <pipe_if/iram/Mram_ram99> are equivalent, second RAM is removed
INFO:Xst:2399 - RAMs <pipe_if/iram/Mram_ram2>, <pipe_if/iram/Mram_ram100> are equivalent, second RAM is removed
INFO:Xst:2399 - RAMs <pipe_if/iram/Mram_ram2>, <pipe_if/iram/Mram_ram102> are equivalent, second RAM is removed
INFO:Xst:2399 - RAMs <pipe_if/iram/Mram_ram2>, <pipe_if/iram/Mram_ram103> are equivalent, second RAM is removed
INFO:Xst:2399 - RAMs <pipe_if/iram/Mram_ram2>, <pipe_if/iram/Mram_ram106> are equivalent, second RAM is removed
INFO:Xst:2399 - RAMs <pipe_if/iram/Mram_ram2>, <pipe_if/iram/Mram_ram104> are equivalent, second RAM is removed
INFO:Xst:2399 - RAMs <pipe_if/iram/Mram_ram2>, <pipe_if/iram/Mram_ram107> are equivalent, second RAM is removed
INFO:Xst:2399 - RAMs <pipe_if/iram/Mram_ram2>, <pipe_if/iram/Mram_ram108> are equivalent, second RAM is removed
INFO:Xst:2399 - RAMs <pipe_if/iram/Mram_ram2>, <pipe_if/iram/Mram_ram111> are equivalent, second RAM is removed
INFO:Xst:2399 - RAMs <pipe_if/iram/Mram_ram2>, <pipe_if/iram/Mram_ram110> are equivalent, second RAM is removed
INFO:Xst:2399 - RAMs <pipe_if/iram/Mram_ram2>, <pipe_if/iram/Mram_ram112> are equivalent, second RAM is removed
INFO:Xst:2399 - RAMs <pipe_if/iram/Mram_ram2>, <pipe_if/iram/Mram_ram116> are equivalent, second RAM is removed
INFO:Xst:2399 - RAMs <pipe_if/iram/Mram_ram2>, <pipe_if/iram/Mram_ram114> are equivalent, second RAM is removed
INFO:Xst:2399 - RAMs <pipe_if/iram/Mram_ram2>, <pipe_if/iram/Mram_ram115> are equivalent, second RAM is removed
INFO:Xst:2399 - RAMs <pipe_if/iram/Mram_ram2>, <pipe_if/iram/Mram_ram118> are equivalent, second RAM is removed
INFO:Xst:2399 - RAMs <pipe_if/iram/Mram_ram2>, <pipe_if/iram/Mram_ram119> are equivalent, second RAM is removed
INFO:Xst:2399 - RAMs <pipe_if/iram/Mram_ram2>, <pipe_if/iram/Mram_ram120> are equivalent, second RAM is removed
INFO:Xst:2399 - RAMs <pipe_if/iram/Mram_ram2>, <pipe_if/iram/Mram_ram121> are equivalent, second RAM is removed
INFO:Xst:2399 - RAMs <pipe_if/iram/Mram_ram2>, <pipe_if/iram/Mram_ram122> are equivalent, second RAM is removed
INFO:Xst:2399 - RAMs <pipe_if/iram/Mram_ram2>, <pipe_if/iram/Mram_ram123> are equivalent, second RAM is removed
INFO:Xst:2399 - RAMs <pipe_if/iram/Mram_ram2>, <pipe_if/iram/Mram_ram124> are equivalent, second RAM is removed
INFO:Xst:2399 - RAMs <pipe_if/iram/Mram_ram2>, <pipe_if/iram/Mram_ram126> are equivalent, second RAM is removed
INFO:Xst:2399 - RAMs <pipe_if/iram/Mram_ram2>, <pipe_if/iram/Mram_ram127> are equivalent, second RAM is removed
INFO:Xst:2399 - RAMs <pipe_if/iram/Mram_ram2>, <pipe_if/iram/Mram_ram128> are equivalent, second RAM is removed
INFO:Xst:2399 - RAMs <pipe_if/iram/Mram_ram25>, <pipe_if/iram/Mram_ram29> are equivalent, second RAM is removed
INFO:Xst:2399 - RAMs <pipe_if/iram/Mram_ram25>, <pipe_if/iram/Mram_ram33> are equivalent, second RAM is removed
INFO:Xst:2399 - RAMs <pipe_if/iram/Mram_ram25>, <pipe_if/iram/Mram_ram37> are equivalent, second RAM is removed
INFO:Xst:2399 - RAMs <pipe_if/iram/Mram_ram93>, <pipe_if/iram/Mram_ram97> are equivalent, second RAM is removed
((((N8 * !pc<11>) + (N8 * pc<11>)) * pc<10>) + (!pc<10> * ((N214 * !pc<11>) + (N8 * pc<11>))))((((N8 * !pc<11>) + (N8 * pc<11>)) * pc<10>) + (!pc<10> * ((N222 * !pc<11>) + (N8 * pc<11>))))((((N8 * !pc<11>) + (N8 * pc<11>)) * pc<10>) + (!pc<10> * ((N8 * !pc<11>) + (N8 * pc<11>))))((((N8 * !pc<11>) + (N8 * pc<11>)) * pc<10>) + (!pc<10> * ((N254 * !pc<11>) + (N8 * pc<11>))))((((N8 * !pc<11>) + (N8 * pc<11>)) * pc<10>) + (!pc<10> * ((N230 * !pc<11>) + (N8 * pc<11>))))((((N8 * !pc<11>) + (N8 * pc<11>)) * pc<10>) + (!pc<10> * ((N238 * !pc<11>) + (N8 * pc<11>))))((((N8 * pc<11>) + (N8 * !pc<11>)) * pc<10>) + (!pc<10> * ((N8 * pc<11>) + (N6 * !pc<11>))))((((N8 * !pc<11>) + (N8 * pc<11>)) * pc<10>) + (!pc<10> * ((N30 * !pc<11>) + (N8 * pc<11>))))((((N8 * !pc<11>) + (N8 * pc<11>)) * pc<10>) + (!pc<10> * ((N22 * !pc<11>) + (N8 * pc<11>))))((((N8 * !pc<11>) + (N8 * pc<11>)) * pc<10>) + (!pc<10> * ((N14 * !pc<11>) + (N8 * pc<11>))))((((N8 * !pc<11>) + (N8 * pc<11>)) * pc<10>) + (!pc<10> * ((N46 * !pc<11>) + (N8 * pc<11>))))((((N8 * !pc<11>) + (N8 * pc<11>)) * pc<10>) + (!pc<10> * ((N38 * !pc<11>) + (N8 * pc<11>))))((((N8 * !pc<11>) + (N8 * pc<11>)) * pc<10>) + (!pc<10> * ((N86 * !pc<11>) + (N8 * pc<11>))))((((N8 * !pc<11>) + (N8 * pc<11>)) * pc<10>) + (!pc<10> * ((N126 * !pc<11>) + (N8 * pc<11>))))((((N8 * !pc<11>) + (N8 * pc<11>)) * pc<10>) + (!pc<10> * ((N166 * !pc<11>) + (N8 * pc<11>))))((((N8 * !pc<11>) + (N8 * pc<11>)) * pc<10>) + (!pc<10> * ((N158 * !pc<11>) + (N8 * pc<11>))))((((N8 * !pc<11>) + (N8 * pc<11>)) * pc<10>) + (!pc<10> * ((N150 * !pc<11>) + (N8 * pc<11>))))((((N8 * !pc<11>) + (N8 * pc<11>)) * pc<10>) + (!pc<10> * ((N142 * !pc<11>) + (N8 * pc<11>))))((((N8 * !pc<11>) + (N8 * pc<11>)) * pc<10>) + (!pc<10> * ((N110 * !pc<11>) + (N8 * pc<11>))))((((N8 * pc<11>) + (N8 * !pc<11>)) * pc<10>) + (!pc<10> * ((N94 * !pc<11>) + (N8 * pc<11>))))((((N8 * !pc<11>) + (N8 * pc<11>)) * pc<10>) + (!pc<10> * ((N54 * !pc<11>) + (N8 * pc<11>))))((((N8 * !pc<11>) + (N8 * pc<11>)) * pc<10>) + (!pc<10> * ((N54 * !pc<11>) + (N8 * pc<11>))))((((N8 * !pc<11>) + (N8 * pc<11>)) * pc<10>) + (!pc<10> * ((N54 * !pc<11>) + (N8 * pc<11>))))((((N8 * !pc<11>) + (N8 * pc<11>)) * pc<10>) + (!pc<10> * ((N54 * !pc<11>) + (N8 * pc<11>))))((((N8 * !pc<11>) + (N8 * pc<11>)) * pc<10>) + (!pc<10> * ((N102 * !pc<11>) + (N8 * pc<11>))))((((N8 * !pc<11>) + (N8 * pc<11>)) * pc<10>) + (!pc<10> * ((N118 * !pc<11>) + (N8 * pc<11>))))((((N8 * !pc<11>) + (N8 * pc<11>)) * pc<10>) + (!pc<10> * ((N134 * !pc<11>) + (N8 * pc<11>))))((((N8 * !pc<11>) + (N8 * pc<11>)) * pc<10>) + (!pc<10> * ((N174 * !pc<11>) + (N8 * pc<11>))))((((N8 * !pc<11>) + (N8 * pc<11>)) * pc<10>) + (!pc<10> * ((N182 * !pc<11>) + (N8 * pc<11>))))((((N8 * !pc<11>) + (N8 * pc<11>)) * pc<10>) + (!pc<10> * ((N190 * !pc<11>) + (N8 * pc<11>))))((((N8 * !pc<11>) + (N8 * pc<11>)) * pc<10>) + (!pc<10> * ((N190 * !pc<11>) + (N8 * pc<11>))))((((N8 * !pc<11>) + (N8 * pc<11>)) * pc<10>) + (!pc<10> * ((N206 * !pc<11>) + (N8 * pc<11>))))
Mapping all equations...
Building and optimizing final netlist ...
Found area constraint ratio of 100 (+ 5) on block cpu55, actual ratio is 98.
FlipFlop pcreg/data_out_10 has been replicated 1 time(s)
FlipFlop pcreg/data_out_11 has been replicated 1 time(s)

Final Macro Processing ...

=========================================================================
Final Register Report

Macro Statistics
# Registers                                            : 1026
 Flip-Flops                                            : 1026

=========================================================================

=========================================================================
*                           Partition Report                            *
=========================================================================

Partition Implementation Status
-------------------------------

  No Partitions were found in this design.

-------------------------------

=========================================================================
*                            Design Summary                             *
=========================================================================

Top Level Output File Name         : cpu55.ngc

Primitive and Black Box Usage:
------------------------------
# BELS                             : 1515
#      GND                         : 1
#      LUT1                        : 14
#      LUT2                        : 11
#      LUT3                        : 12
#      LUT4                        : 120
#      LUT5                        : 287
#      LUT6                        : 957
#      MUXCY                       : 29
#      MUXF7                       : 54
#      XORCY                       : 30
# FlipFlops/Latches                : 1026
#      FDC                         : 34
#      FDCE_1                      : 992
# RAMS                             : 60
#      RAM256X1S                   : 60
# Clock Buffers                    : 1
#      BUFGP                       : 1
# IO Buffers                       : 66
#      IBUF                        : 1
#      OBUF                        : 65

Device utilization summary:
---------------------------

Selected Device : 6slx4tqg144-3 


Slice Logic Utilization: 
 Number of Slice Registers:            1026  out of   4800    21%  
 Number of Slice LUTs:                 1641  out of   2400    68%  
    Number used as Logic:              1401  out of   2400    58%  
    Number used as Memory:              240  out of   1200    20%  
       Number used as RAM:              240

Slice Logic Distribution: 
 Number of LUT Flip Flop pairs used:   2459
   Number with an unused Flip Flop:    1433  out of   2459    58%  
   Number with an unused LUT:           818  out of   2459    33%  
   Number of fully used LUT-FF pairs:   208  out of   2459     8%  
   Number of unique control sets:        32

IO Utilization: 
 Number of IOs:                         111
 Number of bonded IOBs:                  67  out of    102    65%  

Specific Feature Utilization:
 Number of BUFG/BUFGCTRLs:                1  out of     16     6%  

---------------------------
Partition Resource Summary:
---------------------------

  No Partitions were found in this design.

---------------------------


=========================================================================
Timing Report

NOTE: THESE TIMING NUMBERS ARE ONLY A SYNTHESIS ESTIMATE.
      FOR ACCURATE TIMING INFORMATION PLEASE REFER TO THE TRACE REPORT
      GENERATED AFTER PLACE-and-ROUTE.

Clock Information:
------------------
-----------------------------------+------------------------+-------+
Clock Signal                       | Clock buffer(FF name)  | Load  |
-----------------------------------+------------------------+-------+
clk                                | BUFGP                  | 1086  |
-----------------------------------+------------------------+-------+

Asynchronous Control Signals Information:
----------------------------------------
No asynchronous control signals found in this design

Timing Summary:
---------------
Speed Grade: -3

   Minimum period: 51.639ns (Maximum Frequency: 19.365MHz)
   Minimum input arrival time before clock: 3.865ns
   Maximum output required time after clock: 27.680ns
   Maximum combinational path delay: No path found

Timing Details:
---------------
All values displayed in nanoseconds (ns)

=========================================================================
Timing constraint: Default period analysis for Clock 'clk'
  Clock period: 51.639ns (frequency: 19.365MHz)
  Total number of paths / destination ports: 665141961 / 2562
-------------------------------------------------------------------------
Delay:               25.819ns (Levels of Logic = 25)
  Source:            pcreg/data_out_11 (FF)
  Destination:       pipe_id/rf/reg1/data_out_30 (FF)
  Source Clock:      clk rising
  Destination Clock: clk falling

  Data Path: pcreg/data_out_11 to pipe_id/rf/reg1/data_out_30
                                Gate     Net
    Cell:in->out      fanout   Delay   Delay  Logical Name (Net Name)
    ----------------------------------------  ------------
     FDC:C->Q            101   0.447   1.984  pcreg/data_out_11 (pcreg/data_out_11)
     LUT4:I2->O           22   0.203   1.362  inst_LPM_MUX3111 (instr<31>)
     LUT6:I3->O            6   0.205   0.745  pipe_id/cu/rt_sel1_1 (pipe_id/cu/rt_sel1)
     LUT5:I4->O           20   0.205   1.197  pipe_id/rt_mux/Mmux_r21_2 (pipe_id/rt_mux/Mmux_r211)
     LUT6:I4->O            1   0.203   0.827  pipe_id/rf/raddr2_select/Mmux_data_out_1027 (pipe_id/rf/raddr2_select/Mmux_data_out_1027)
     LUT6:I2->O            1   0.203   0.000  pipe_id/rf/raddr2_select/Mmux_data_out_2_f7_26_G (N443)
     MUXF7:I1->O           4   0.140   0.684  pipe_id/rf/raddr2_select/Mmux_data_out_2_f7_26 (rt2cp0_5_OBUF)
     LUT6:I5->O           17   0.205   1.132  pipe_exe/select_alub/Mmux_r281 (pipe_exe/alub<5>)
     LUT5:I3->O            2   0.203   0.617  pipe_exe/alu/addsub/addu/cla0/cla0/g_p0/c_out3 (pipe_exe/alu/addsub/addu/cla0/cla0/g_p0/c_out2)
     LUT5:I4->O            1   0.205   0.808  pipe_exe/alu/addsub/addu/cla0/cla0/g_p0/c_out6_SW0 (N331)
     LUT6:I3->O            3   0.205   0.651  pipe_exe/alu/addsub/addu/cla0/cla0/g_p0/c_out6 (pipe_exe/alu/addsub/addu/cla0/cla0/c_out)
     LUT5:I4->O            3   0.205   0.651  pipe_exe/alu/addsub/addu/cla0/cla0/cla1/cla0/g_p0/c_out1 (pipe_exe/alu/addsub/addu/cla0/cla0/cla1/cla0/c_out)
     LUT6:I5->O            3   0.205   0.651  pipe_exe/alu/addsub/addu/cla0/cla0/cla1/g_p0/c_out (pipe_exe/alu/addsub/addu/cla0/cla0/cla1/c_out)
     LUT6:I5->O            3   0.205   0.651  pipe_exe/alu/addsub/addu/cla0/g_p0/c_out11 (pipe_exe/alu/addsub/addu/cla0/g_p0/c_out1)
     LUT6:I5->O            4   0.205   0.684  pipe_exe/alu/addsub/addu/cla0/g_p0/c_out1 (pipe_exe/alu/addsub/addu/cla0/c_out)
     LUT6:I5->O            3   0.205   0.651  pipe_exe/alu/addsub/addu/cla0/cla1/cla0/g_p0/c_out4 (pipe_exe/alu/addsub/addu/cla0/cla1/cla0/c_out)
     LUT6:I5->O            3   0.205   0.651  pipe_exe/alu/addsub/addu/cla0/cla1/cla0/cla1/g_p0/c_out1 (pipe_exe/alu/addsub/addu/cla0/cla1/cla0/cla1/c_out)
     LUT6:I5->O            4   0.205   0.684  pipe_exe/alu/addsub/addu/cla0/cla1/g_p0/c_out1 (pipe_exe/alu/addsub/addu/cla0/cla1/c_out)
     LUT6:I5->O            3   0.205   0.651  pipe_exe/alu/addsub/addu/cla0/cla1/cla1/g_p0/c_out4 (pipe_exe/alu/addsub/addu/cla0/cla1/cla1/c_out)
     LUT6:I5->O            3   0.205   0.651  pipe_exe/alu/addsub/addu/cla0/cla1/cla1/cla1/g_p0/c_out1 (pipe_exe/alu/addsub/addu/cla0/cla1/cla1/cla1/c_out)
     LUT6:I5->O           10   0.205   0.857  pipe_exe/alu/addsub/add_result_addu_result[31]_equal_4_o1 (pipe_exe/alu/addsub/add_result_addu_result[31]_equal_4_o1)
     LUT4:I3->O            1   0.205   0.580  pipe_exe/alu/addsub/Mmux_c1111_1 (pipe_exe/alu/addsub/Mmux_c1111)
     LUT6:I5->O           12   0.205   0.909  pipe_exe/alu/select_alu/Mmux_r314 (pipe_exe/alud<0>)
     LUT5:I4->O           14   0.205   0.958  pipe_exe/select_alud/Mmux_r11 (alud<0>)
     LUT6:I5->O           15   0.205   0.982  pipemem/ram_out/Mmux_r1033 (pipemem/ram_out/Mmux_r103)
     LUT4:I3->O           16   0.205   0.000  pipe_wb/select_wd/Mmux_r243 (wbd<30>)
     FDCE_1:D                  0.102          pipe_id/rf/reg31/data_out_30
    ----------------------------------------
    Total                     25.819ns (5.601ns logic, 20.218ns route)
                                       (21.7% logic, 78.3% route)

=========================================================================
Timing constraint: Default OFFSET IN BEFORE for Clock 'clk'
  Total number of paths / destination ports: 1026 / 1026
-------------------------------------------------------------------------
Offset:              3.865ns (Levels of Logic = 1)
  Source:            rst (PAD)
  Destination:       pcreg/data_out_31 (FF)
  Destination Clock: clk rising

  Data Path: rst to pcreg/data_out_31
                                Gate     Net
    Cell:in->out      fanout   Delay   Delay  Logical Name (Net Name)
    ----------------------------------------  ------------
     IBUF:I->O          1026   1.222   2.213  rst_IBUF (rst_IBUF)
     FDC:CLR                   0.430          pcreg/data_out_0
    ----------------------------------------
    Total                      3.865ns (1.652ns logic, 2.213ns route)
                                       (42.7% logic, 57.3% route)

=========================================================================
Timing constraint: Default OFFSET OUT AFTER for Clock 'clk'
  Total number of paths / destination ports: 144765 / 65
-------------------------------------------------------------------------
Offset:              27.680ns (Levels of Logic = 25)
  Source:            pcreg/data_out_11 (FF)
  Destination:       add_err (PAD)
  Source Clock:      clk rising

  Data Path: pcreg/data_out_11 to add_err
                                Gate     Net
    Cell:in->out      fanout   Delay   Delay  Logical Name (Net Name)
    ----------------------------------------  ------------
     FDC:C->Q            101   0.447   1.984  pcreg/data_out_11 (pcreg/data_out_11)
     LUT4:I2->O           22   0.203   1.362  inst_LPM_MUX3111 (instr<31>)
     LUT6:I3->O            6   0.205   0.745  pipe_id/cu/rt_sel1_1 (pipe_id/cu/rt_sel1)
     LUT5:I4->O           20   0.205   1.197  pipe_id/rt_mux/Mmux_r21_2 (pipe_id/rt_mux/Mmux_r211)
     LUT6:I4->O            1   0.203   0.827  pipe_id/rf/raddr2_select/Mmux_data_out_1027 (pipe_id/rf/raddr2_select/Mmux_data_out_1027)
     LUT6:I2->O            1   0.203   0.000  pipe_id/rf/raddr2_select/Mmux_data_out_2_f7_26_G (N443)
     MUXF7:I1->O           4   0.140   0.684  pipe_id/rf/raddr2_select/Mmux_data_out_2_f7_26 (rt2cp0_5_OBUF)
     LUT6:I5->O           17   0.205   1.132  pipe_exe/select_alub/Mmux_r281 (pipe_exe/alub<5>)
     LUT5:I3->O            2   0.203   0.617  pipe_exe/alu/addsub/addu/cla0/cla0/g_p0/c_out3 (pipe_exe/alu/addsub/addu/cla0/cla0/g_p0/c_out2)
     LUT5:I4->O            1   0.205   0.808  pipe_exe/alu/addsub/addu/cla0/cla0/g_p0/c_out6_SW0 (N331)
     LUT6:I3->O            3   0.205   0.651  pipe_exe/alu/addsub/addu/cla0/cla0/g_p0/c_out6 (pipe_exe/alu/addsub/addu/cla0/cla0/c_out)
     LUT5:I4->O            3   0.205   0.651  pipe_exe/alu/addsub/addu/cla0/cla0/cla1/cla0/g_p0/c_out1 (pipe_exe/alu/addsub/addu/cla0/cla0/cla1/cla0/c_out)
     LUT6:I5->O            3   0.205   0.651  pipe_exe/alu/addsub/addu/cla0/cla0/cla1/g_p0/c_out (pipe_exe/alu/addsub/addu/cla0/cla0/cla1/c_out)
     LUT6:I5->O            3   0.205   0.651  pipe_exe/alu/addsub/addu/cla0/g_p0/c_out11 (pipe_exe/alu/addsub/addu/cla0/g_p0/c_out1)
     LUT6:I5->O            4   0.205   0.684  pipe_exe/alu/addsub/addu/cla0/g_p0/c_out1 (pipe_exe/alu/addsub/addu/cla0/c_out)
     LUT6:I5->O            3   0.205   0.651  pipe_exe/alu/addsub/addu/cla0/cla1/cla0/g_p0/c_out4 (pipe_exe/alu/addsub/addu/cla0/cla1/cla0/c_out)
     LUT6:I5->O            3   0.205   0.651  pipe_exe/alu/addsub/addu/cla0/cla1/cla0/cla1/g_p0/c_out1 (pipe_exe/alu/addsub/addu/cla0/cla1/cla0/cla1/c_out)
     LUT6:I5->O            4   0.205   0.684  pipe_exe/alu/addsub/addu/cla0/cla1/g_p0/c_out1 (pipe_exe/alu/addsub/addu/cla0/cla1/c_out)
     LUT6:I5->O            3   0.205   0.651  pipe_exe/alu/addsub/addu/cla0/cla1/cla1/g_p0/c_out4 (pipe_exe/alu/addsub/addu/cla0/cla1/cla1/c_out)
     LUT6:I5->O            3   0.205   0.651  pipe_exe/alu/addsub/addu/cla0/cla1/cla1/cla1/g_p0/c_out1 (pipe_exe/alu/addsub/addu/cla0/cla1/cla1/cla1/c_out)
     LUT6:I5->O           10   0.205   0.857  pipe_exe/alu/addsub/add_result_addu_result[31]_equal_4_o1 (pipe_exe/alu/addsub/add_result_addu_result[31]_equal_4_o1)
     LUT4:I3->O            1   0.205   0.580  pipe_exe/alu/addsub/Mmux_c1111_1 (pipe_exe/alu/addsub/Mmux_c1111)
     LUT6:I5->O           12   0.205   0.909  pipe_exe/alu/select_alu/Mmux_r314 (pipe_exe/alud<0>)
     LUT5:I4->O           14   0.205   0.958  pipe_exe/select_alud/Mmux_r11 (alud<0>)
     LUT5:I4->O            1   0.205   0.579  pipemem/AddressErr1 (add_err_OBUF)
     OBUF:I->O                 2.571          add_err_OBUF (add_err)
    ----------------------------------------
    Total                     27.680ns (7.865ns logic, 19.815ns route)
                                       (28.4% logic, 71.6% route)

=========================================================================

Cross Clock Domains Report:
--------------------------

Clock to Setup on destination clock clk
---------------+---------+---------+---------+---------+
               | Src:Rise| Src:Fall| Src:Rise| Src:Fall|
Source Clock   |Dest:Rise|Dest:Rise|Dest:Fall|Dest:Fall|
---------------+---------+---------+---------+---------+
clk            |   28.397|   24.099|   25.819|         |
---------------+---------+---------+---------+---------+

=========================================================================


Total REAL time to Xst completion: 34.00 secs
Total CPU time to Xst completion: 34.05 secs
 
--> 

Total memory usage is 231296 kilobytes

Number of errors   :    0 (   0 filtered)
Number of warnings :  202 (   0 filtered)
Number of infos    :  108 (   0 filtered)

